<?xml version="1.0" encoding="UTF-8"?>
<!-- Generated by org.testng.reporters.JUnitReportReporter -->
<testsuite hostname="Anish-laptop" failures="0" tests="1" name="com.demowebshop.tests.AddToCart" time="23.695" errors="0" timestamp="2024-06-10T19:07:48 IST" skipped="0">
  <testcase classname="com.demowebshop.tests.AddToCart" name="verifyUserIsAbleToAddProductToCart" time="23.695"/>
</testsuite> <!-- com.demowebshop.tests.AddToCart -->
